[0316/101656:ERROR:process_info.cc(608)] range at 0xfe96f000, size 0x230 fully unreadable
[0316/101656:ERROR:process_info.cc(608)] range at 0xfe96e000, size 0xf84 fully unreadable
[0316/101656:ERROR:process_info.cc(608)] range at 0xfe96b000, size 0xf84 fully unreadable
[0316/101656:ERROR:process_info.cc(608)] range at 0xfe965000, size 0xf84 fully unreadable
[0316/101656:ERROR:process_info.cc(608)] range at 0xfe83f000, size 0xf84 fully unreadable
[0316/101656:ERROR:process_info.cc(608)] range at 0xfe83c000, size 0xf84 fully unreadable
[0316/101656:ERROR:process_info.cc(608)] range at 0xfe839000, size 0xf84 fully unreadable
[0316/101656:ERROR:process_info.cc(608)] range at 0xfe836000, size 0xf84 fully unreadable
[0316/101656:ERROR:process_info.cc(608)] range at 0xfe833000, size 0xf84 fully unreadable
[0316/101656:ERROR:process_info.cc(608)] range at 0xfe82a000, size 0xf84 fully unreadable
[0316/101656:ERROR:process_info.cc(608)] range at 0xfe830000, size 0xf84 fully unreadable
[0316/101656:ERROR:process_info.cc(608)] range at 0xfe827000, size 0xf84 fully unreadable
[0316/101656:ERROR:process_info.cc(608)] range at 0xfe81e000, size 0xf84 fully unreadable
[0316/101656:ERROR:process_info.cc(608)] range at 0xfe818000, size 0xf84 fully unreadable
[0316/101656:ERROR:process_info.cc(608)] range at 0xfe824000, size 0xf84 fully unreadable
[0316/101656:ERROR:process_info.cc(608)] range at 0xfe821000, size 0xf84 fully unreadable
[0316/101656:ERROR:process_info.cc(608)] range at 0xfe81b000, size 0xf84 fully unreadable
[0316/101656:ERROR:process_info.cc(608)] range at 0xfe815000, size 0xf84 fully unreadable
[0316/101656:ERROR:process_info.cc(608)] range at 0xfe82d000, size 0xf84 fully unreadable
[0316/101656:ERROR:process_info.cc(608)] range at 0xfe812000, size 0xf84 fully unreadable
[0316/101656:ERROR:process_info.cc(608)] range at 0xfe80f000, size 0xf84 fully unreadable
[0402/184958:ERROR:process_info.cc(608)] range at 0xfea23000, size 0x230 fully unreadable
[0402/184959:ERROR:process_info.cc(608)] range at 0xfea2f000, size 0xf84 fully unreadable
[0402/184959:ERROR:process_info.cc(608)] range at 0xfea2c000, size 0xf84 fully unreadable
[0402/184959:ERROR:process_info.cc(608)] range at 0xfea26000, size 0xf84 fully unreadable
[0402/184959:ERROR:process_info.cc(608)] range at 0xfe8f9000, size 0xf84 fully unreadable
[0402/184959:ERROR:process_info.cc(608)] range at 0xfe8f6000, size 0xf84 fully unreadable
[0402/184959:ERROR:process_info.cc(608)] range at 0xfe8f3000, size 0xf84 fully unreadable
[0402/184959:ERROR:process_info.cc(608)] range at 0xfe8f0000, size 0xf84 fully unreadable
[0402/184959:ERROR:process_info.cc(608)] range at 0xfe8ed000, size 0xf84 fully unreadable
[0402/184959:ERROR:process_info.cc(608)] range at 0xfe8ea000, size 0xf84 fully unreadable
[0402/185000:ERROR:process_reader_win.cc(232)] ReadMemory at 0x75667150 of 28 bytes failed: Only part of a ReadProcessMemory or WriteProcessMemory request was completed. (0x12B)
[0402/185000:WARNING:pe_image_reader.cc(134)] could not read data directory from C:\Windows\SYSTEM32\WS2_32.dll
[0402/185000:ERROR:process_reader_win.cc(232)] ReadMemory at 0x734d0000 of 64 bytes failed: Only part of a ReadProcessMemory or WriteProcessMemory request was completed. (0x12B)
[0402/185000:WARNING:pe_image_reader.cc(280)] could not read dos header from C:\Windows\SYSTEM32\USP10.dll
[0402/185000:ERROR:process_reader_win.cc(232)] ReadMemory at 0x76d60000 of 64 bytes failed: Only part of a ReadProcessMemory or WriteProcessMemory request was completed. (0x12B)
[0402/185000:WARNING:pe_image_reader.cc(280)] could not read dos header from C:\Windows\SYSTEM32\MSASN1.dll
[0402/185000:ERROR:process_reader_win.cc(232)] ReadMemory at 0x77060000 of 64 bytes failed: Only part of a ReadProcessMemory or WriteProcessMemory request was completed. (0x12B)
[0402/185000:WARNING:pe_image_reader.cc(280)] could not read dos header from C:\Windows\SYSTEM32\CRYPT32.dll
[0402/185000:ERROR:process_reader_win.cc(232)] ReadMemory at 0x771f0000 of 64 bytes failed: Only part of a ReadProcessMemory or WriteProcessMemory request was completed. (0x12B)
[0402/185000:WARNING:pe_image_reader.cc(280)] could not read dos header from C:\Windows\SYSTEM32\WINTRUST.dll
[0402/185000:ERROR:process_reader_win.cc(232)] ReadMemory at 0x731a0000 of 64 bytes failed: Only part of a ReadProcessMemory or WriteProcessMemory request was completed. (0x12B)
[0402/185000:WARNING:pe_image_reader.cc(280)] could not read dos header from C:\Windows\SYSTEM32\Secur32.dll
[0402/185000:ERROR:process_reader_win.cc(232)] ReadMemory at 0x64b70000 of 64 bytes failed: Only part of a ReadProcessMemory or WriteProcessMemory request was completed. (0x12B)
[0402/185000:WARNING:pe_image_reader.cc(280)] could not read dos header from C:\Program Files (x86)\Google\Chrome\Application\49.0.2623.87\chrome_child.dll
[0402/185000:ERROR:process_reader_win.cc(232)] ReadMemory at 0x6e260000 of 64 bytes failed: Only part of a ReadProcessMemory or WriteProcessMemory request was completed. (0x12B)
[0402/185000:WARNING:pe_image_reader.cc(280)] could not read dos header from C:\Windows\SYSTEM32\dwrite.dll
[0402/185000:ERROR:process_reader_win.cc(232)] ReadMemory at 0x13ec154 of 12 bytes failed: Only part of a ReadProcessMemory or WriteProcessMemory request was completed. (0x12B)
[0402/185000:WARNING:process_snapshot_win.cc(89)] ReadMemory ExceptionInformation failed
[0402/185000:WARNING:crash_report_exception_handler.cc(60)] ProcessSnapshotWin::InitializeException failed
[0402/185000:ERROR:scoped_process_suspend.cc(38)] NtResumeProcess, ntstatus=-1073741558
